C:\Program Files (x86)\Microsoft Visual Studio\2017\Professional\Common7\IDE\VC\VCTargets\Microsoft.CppBuild.targets(391,5): warning MSB8028: The intermediate directory (obj\ARM\Debug\) contains files shared from another project (HTTPS_Curl_Easy.vcxproj).  This can lead to incorrect clean and rebuild behavior.
  Azure Sphere Utility version 19.5.4.53731
  Copyright (C) Microsoft Corporation. All rights reserved.
   
  Start time (UTC): Wednesday, 07 August 2019 13:02:22 
  verbose: Creating image package. 
  verbose: Azure Sphere application image package written. 
  verbose: Appending metadata. 
  verbose: Wrote metadata:
    Section: Identity
      Image Type:           Application
      Component ID:         6d6c6849-b620-4bcb-93ee-599ec275a621
      Image ID:             1c58faaa-3df9-48b2-bf60-b182e6bb9756
    Section: Signature
      Signing Type:         ECDsa256
      Cert:                 a8d5cc6958f48710140d7a26160fc1cfc31f5df0
    Section: Debug
      Image Name:           Azure_Sphere_Basic_Teams_Webhook
      Built On (UTC):       8/7/2019 1:02:23 PM
      Built On (Local):     8/7/2019 2:02:23 PM
    Section: Temporary Image
      Remove image at boot: False
      Under development:    True
    Section: ABI Depends
      Depends on:           ApplicationRuntime, version 2
   
  verbose: Packaging completed successfully. 
  verbose: Output file is at: D:\Tom\Documents\GitHub\AzureSphereBasicTeamsWebhookPush\Samples\TeamsSamples\BasicWebhookPush\HTTPS_Curl_Easy\bin\ARM\Debug\AzureSphereBasicTeamsWebhookPush.imagepackage 
  Command completed successfully in 00:00:00.5717763. 
